[2025-03-31 16:35:02] info: Memory monitoring started
[2025-03-31 16:35:02] info: Loading command: joke
[2025-03-31 16:35:02] info: Loading command: snipe
[2025-03-31 16:35:02] info: Loading command: ban
[2025-03-31 16:35:02] info: Loading command: kick
[2025-03-31 16:35:02] info: Permissions data loaded successfully
[2025-03-31 16:35:02] info: Loading command: announce
[2025-03-31 16:35:02] info: Loading command: auth
[2025-03-31 16:35:02] info: Loading command: debug
[2025-03-31 16:35:03] info: Loading command: getvid
[2025-03-31 16:35:03] info: Loading command: help
[2025-03-31 16:35:03] info: Loading command: logchannel
[2025-03-31 16:35:03] info: Loading command: ping
[2025-03-31 16:35:03] info: Loading command: statusset
[2025-03-31 16:35:03] info: Loading event: guildCreate
[2025-03-31 16:35:03] info: Loading event: guildDelete
[2025-03-31 16:35:03] info: Loading event: interactionCreate
[2025-03-31 16:35:03] info: Loading event: messageCreate
[2025-03-31 16:35:03] info: Loading event: messageDelete
[2025-03-31 16:35:03] info: Loading event: ready
[2025-03-31 16:35:03] info: Loading event: resume
[2025-03-31 16:35:03] info: Device status: Battery 100% (Charging), Temp: 30ﾂｰC
[2025-03-31 16:35:05] info: Bot successfully logged in
[2025-03-31 16:35:05] info: Logged in as Iskosmo#5697
[2025-03-31 16:35:05] info: Serving 5 guilds
[2025-03-31 16:35:05] info: Set default status: Playing in 5 guilds
[2025-03-31 16:35:05] info: Started refreshing 12 application (/) commands.
[2025-03-31 16:35:06] info: Successfully reloaded 12 application (/) commands.
[2025-03-31 16:35:19] warn: Emergency kill code received from jzoa
[2025-03-31 16:35:23] warn: Kill switch activated
[2025-03-31 16:35:23] error: Bot suspended via emergency kill code
[2025-03-31 16:35:23] info: Message by jzoa was deleted in #泅笏ピupporters
[2025-03-31 16:35:24] info: Message by jzoa was deleted in #泅笏ピupporters
[2025-03-31 16:35:49] info: jzoa used slash command: help
[2025-03-31 16:36:03] info: Revival code received from jzoa. Bot was down for 41 seconds
[2025-03-31 16:36:03] info: Kill switch deactivated
[2025-03-31 16:36:04] info: Message by jzoa was deleted in #泅笏ピupporters
[2025-03-31 16:37:22] info: Temporary status set: "Playing zoa kalbo" for 60 seconds
[2025-03-31 16:37:22] info: yuen0ia used command: statusset
[2025-03-31 16:38:22] info: Set default status: Playing in 5 guilds
[2025-03-31 16:40:02] info: Memory status: 69MB heap, 75.1% system RAM used
[2025-03-31 16:41:30] info: Shutdown signal received, cleaning up...
[2025-03-31 16:41:30] info: Destroying client connection...
[2025-03-31 16:41:30] info: Shutdown complete
[2025-03-31 16:41:33] info: Memory monitoring started
[2025-03-31 16:41:33] info: Loading command: joke
[2025-03-31 16:41:33] info: Loading command: snipe
[2025-03-31 16:41:33] info: Loading command: ban
[2025-03-31 16:41:33] info: Loading command: kick
[2025-03-31 16:41:33] info: Permissions data loaded successfully
[2025-03-31 16:41:33] info: Loading command: announce
[2025-03-31 16:41:33] info: Loading command: auth
[2025-03-31 16:41:33] info: Loading command: debug
[2025-03-31 16:41:34] info: Loading command: getvid
[2025-03-31 16:41:34] info: Loading command: help
[2025-03-31 16:41:34] info: Loading command: logchannel
[2025-03-31 16:41:34] info: Loading command: ping
[2025-03-31 16:41:34] info: Loading command: revive
[2025-03-31 16:41:34] info: Loading command: statusset
[2025-03-31 16:41:34] info: Loading event: guildCreate
[2025-03-31 16:41:34] info: Loading event: guildDelete
[2025-03-31 16:41:34] info: Loading event: interactionCreate
[2025-03-31 16:41:34] info: Loading event: messageCreate
[2025-03-31 16:41:34] info: Loading event: messageDelete
[2025-03-31 16:41:34] info: Loading event: ready
[2025-03-31 16:41:34] info: Loading event: resume
[2025-03-31 16:41:35] info: Device status: Battery 100% (Charging), Temp: 30ﾂｰC
[2025-03-31 16:41:36] info: Bot successfully logged in
[2025-03-31 16:41:36] info: Logged in as Iskosmo#5697
[2025-03-31 16:41:36] info: Serving 5 guilds
[2025-03-31 16:41:36] info: Set default status: Playing in 5 guilds
[2025-03-31 16:41:36] info: Started refreshing 13 application (/) commands.
[2025-03-31 16:41:37] info: Successfully reloaded 13 application (/) commands.
[2025-03-31 16:41:44] info: jzoa used command: help
[2025-03-31 16:41:47] info: jzoa used command: debug
[2025-03-31 16:42:01] info: jzoa used command: ping
[2025-03-31 16:42:09] warn: Emergency kill code received from jzoa
[2025-03-31 16:42:13] warn: Kill switch activated - bot appears offline
[2025-03-31 16:42:13] error: Bot suspended via emergency kill code
[2025-03-31 16:42:14] info: Message by jzoa was deleted in #泅笏ピupporters
[2025-03-31 16:42:14] info: Message by jzoa was deleted in #泅笏ピupporters
[2025-03-31 16:42:39] info: Revival code received from jzoa. Bot was down for 27 seconds
[2025-03-31 16:42:39] info: Kill switch deactivated - bot is visible again
[2025-03-31 16:42:41] info: Message by jzoa was deleted in #泅笏ピupporters
[2025-03-31 16:43:12] info: jzoa used command: help
[2025-03-31 16:43:25] warn: Emergency kill code received from jzoa
[2025-03-31 16:43:28] warn: Kill switch activated - bot appears offline
[2025-03-31 16:43:28] error: Bot suspended via emergency kill code
[2025-03-31 16:43:29] info: Message by jzoa was deleted in #泅笏ピupporters
[2025-03-31 16:43:29] info: Message by jzoa was deleted in #泅笏ピupporters
[2025-03-31 16:45:05] info: Shutdown signal received, cleaning up...
[2025-03-31 16:45:05] info: Destroying client connection...
[2025-03-31 16:45:05] info: Shutdown complete
[2025-03-31 16:53:28] warn: Bot started in suspended state (killed at 2025-03-31T08:43:28.475Z)
[2025-03-31 16:53:29] info: Kill switch initialized
[2025-03-31 16:53:29] info: Memory monitoring started
[2025-03-31 16:53:29] info: Loading command: joke
[2025-03-31 16:53:29] info: Loading command: snipe
[2025-03-31 16:53:29] info: Loading command: ban
[2025-03-31 16:53:29] info: Loading command: kick
[2025-03-31 16:53:29] info: Permissions data loaded successfully
[2025-03-31 16:53:29] info: Loading command: announce
[2025-03-31 16:53:29] info: Loading command: auth
[2025-03-31 16:53:29] info: Loading command: debug
[2025-03-31 16:53:29] info: Loading command: getvid
[2025-03-31 16:53:29] info: Loading command: help
[2025-03-31 16:53:29] info: Loading command: logchannel
[2025-03-31 16:53:29] info: Loading command: ping
[2025-03-31 16:53:29] info: Loading command: statusset
[2025-03-31 16:53:29] info: Loading event: guildCreate
[2025-03-31 16:53:29] info: Loading event: guildDelete
[2025-03-31 16:53:29] info: Loading event: interactionCreate
[2025-03-31 16:53:29] info: Loading event: messageCreate
[2025-03-31 16:53:29] info: Loading event: messageDelete
[2025-03-31 16:53:29] info: Loading event: ready
[2025-03-31 16:53:29] info: Loading event: resume
[2025-03-31 16:53:29] info: Health check server running on port 3000
[2025-03-31 16:53:29] info: Device status: Battery 100% (Charging), Temp: 30ﾂｰC
[2025-03-31 16:53:31] info: Bot successfully logged in
[2025-03-31 16:53:31] info: Logged in as Iskosmo#5697
[2025-03-31 16:53:31] info: Serving 5 guilds
[2025-03-31 16:53:31] warn: Applied killed status on startup
[2025-03-31 16:53:31] info: Started refreshing 12 application (/) commands.
[2025-03-31 16:53:31] info: Successfully reloaded 12 application (/) commands.
[2025-03-31 16:53:43] info: Revival code received from jzoa. Bot was down for 615 seconds
[2025-03-31 16:53:43] info: Set default status: Playing in 5 guilds
[2025-03-31 16:53:43] info: Kill switch deactivated - bot is visible again
[2025-03-31 16:53:43] info: Message by jzoa was deleted in #泅笏ピupporters
[2025-03-31 16:57:03] info: Shutdown signal received, cleaning up...
[2025-03-31 16:57:03] info: Destroying client connection...
[2025-03-31 16:57:03] info: Shutdown complete
